<?xml version="1.0" encoding="UTF-8"?>
<!-- Generated by org.testng.reporters.JUnitReportReporter -->
<testsuite hostname="DESKTOP-RK577T0" failures="0" tests="1" name="com.crm.Sdet.organisation.CreateOrganisationTest" time="22.481" errors="0" timestamp="2022-08-11T13:35:33 IST" skipped="0">
  <testcase classname="com.crm.Sdet.organisation.CreateOrganisationTest" name="CreateOrganisation" time="22.481"/>
  <system-out/>
</testsuite> <!-- com.crm.Sdet.organisation.CreateOrganisationTest -->
