<?xml version="1.0" encoding="UTF-8"?>
<!-- Generated by org.testng.reporters.JUnitReportReporter -->
<testsuite hostname="DESKTOP-RK577T0" failures="0" tests="5" name="practice.DataProviderTest" time="0.019" errors="0" timestamp="03 Aug 2022 10:42:51 GMT" skipped="0">
  <testcase classname="practice.DataProviderTest" name="bookTicket" time="0.003"/>
  <testcase classname="practice.DataProviderTest" name="bookTicket" time="0.002"/>
  <testcase classname="practice.DataProviderTest" name="bookTicket" time="0.001"/>
  <testcase classname="practice.DataProviderTest" name="bookTicket" time="0.001"/>
  <testcase classname="practice.DataProviderTest" name="bookTicket" time="0.012"/>
</testsuite> <!-- practice.DataProviderTest -->
