<?xml version="1.0" encoding="UTF-8"?>
<!-- Generated by org.testng.reporters.JUnitReportReporter -->
<testsuite hostname="DESKTOP-RK577T0" failures="0" tests="4" name="practice.SampleInvocationCount" time="0.011" errors="0" timestamp="2022-08-03T16:32:09 IST" skipped="0">
  <testcase classname="practice.SampleInvocationCount" name="createContact" time="0.007"/>
  <system-out/>
  <testcase classname="practice.SampleInvocationCount" name="createContact" time="0.001"/>
  <system-out/>
  <testcase classname="practice.SampleInvocationCount" name="createContact" time="0.001"/>
  <system-out/>
  <testcase classname="practice.SampleInvocationCount" name="deleteContact" time="0.002"/>
  <system-out/>
</testsuite> <!-- practice.SampleInvocationCount -->
