<?xml version="1.0" encoding="UTF-8"?>
<!-- Generated by org.testng.reporters.JUnitReportReporter -->
<testsuite hostname="DESKTOP-RK577T0" failures="0" tests="1" name="com.crm.Sdet.Campaign.CreateCampaignTest" time="25.042" errors="0" timestamp="2022-08-09T15:52:24 IST" skipped="0">
  <testcase classname="com.crm.Sdet.Campaign.CreateCampaignTest" name="CreateCampaign" time="25.042"/>
  <system-out/>
</testsuite> <!-- com.crm.Sdet.Campaign.CreateCampaignTest -->
