<?xml version="1.0" encoding="UTF-8"?>
<!-- Generated by org.testng.reporters.JUnitReportReporter -->
<testsuite hostname="DESKTOP-RK577T0" failures="0" tests="1" name="com.crm.Sdet.Product.CreateProductTest" time="18.405" errors="0" timestamp="2022-08-09T11:10:35 IST" skipped="0">
  <testcase classname="com.crm.Sdet.Product.CreateProductTest" name="CreateProduct" time="18.405"/>
  <system-out/>
</testsuite> <!-- com.crm.Sdet.Product.CreateProductTest -->
