<?xml version="1.0" encoding="UTF-8"?>
<!-- Generated by org.testng.reporters.JUnitReportReporter -->
<testsuite hostname="DESKTOP-RK577T0" failures="0" tests="3" name="practice.Sample" time="0.011" errors="0" timestamp="03 Aug 2022 10:41:54 GMT" skipped="0">
  <testcase classname="practice.Sample" name="createContact" time="0.009"/>
  <testcase classname="practice.Sample" name="modifyContact" time="0.001"/>
  <testcase classname="practice.Sample" name="deleteContact" time="0.001"/>
</testsuite> <!-- practice.Sample -->
