<?xml version="1.0" encoding="UTF-8"?>
<!-- Generated by org.testng.reporters.JUnitReportReporter -->
<testsuite hostname="DESKTOP-RK577T0" failures="0" tests="1" name="com.crm.Sdet.Product.CreateProductandDeleteProductTest" time="39.042" errors="0" timestamp="2022-08-09T12:22:16 IST" skipped="0">
  <testcase classname="com.crm.Sdet.Product.CreateProductandDeleteProductTest" name="CreateProductAndDeleteProduct" time="39.042"/>
  <system-out/>
</testsuite> <!-- com.crm.Sdet.Product.CreateProductandDeleteProductTest -->
