<?xml version="1.0" encoding="UTF-8"?>
<!-- Generated by org.testng.reporters.JUnitReportReporter -->
<testsuite hostname="DESKTOP-RK577T0" failures="0" tests="1" name="demo.handlingFileDownloadPopUpusingRobotClass" time="7.016" errors="0" timestamp="2022-08-04T16:14:42 IST" skipped="0">
  <testcase classname="demo.handlingFileDownloadPopUpusingRobotClass" name="fileDownloadPopUp" time="7.016"/>
  <system-out/>
</testsuite> <!-- demo.handlingFileDownloadPopUpusingRobotClass -->
