<?xml version="1.0" encoding="UTF-8"?>
<!-- Generated by org.testng.reporters.JUnitReportReporter -->
<testsuite hostname="DESKTOP-RK577T0" failures="0" tests="3" name="practice.sample1" time="0.010" errors="0" timestamp="03 Aug 2022 10:41:40 GMT" skipped="0">
  <testcase classname="practice.sample1" name="modifyContact" time="0.008"/>
  <testcase classname="practice.sample1" name="createContact" time="0.001"/>
  <testcase classname="practice.sample1" name="deleteContact" time="0.001"/>
</testsuite> <!-- practice.sample1 -->
