<?xml version="1.0" encoding="UTF-8"?>
<!-- Generated by org.testng.reporters.JUnitReportReporter -->
<testsuite hostname="DESKTOP-RK577T0" failures="0" tests="1" name="practice.Demo" time="0.001" errors="0" timestamp="2022-08-08T12:59:24 IST" skipped="0">
  <testcase classname="practice.Demo" name="modifyContact" time="0.001"/>
  <system-out/>
</testsuite> <!-- practice.Demo -->
