<?xml version="1.0" encoding="UTF-8"?>
<!-- Generated by org.testng.reporters.JUnitReportReporter -->
<testsuite hostname="DESKTOP-RK577T0" failures="0" tests="2" name="practice.SoftAssertSample" time="0.011" errors="0" timestamp="2022-08-08T17:44:35 IST" skipped="0">
  <testcase classname="practice.SoftAssertSample" name="createCustomerTest" time="0.010"/>
  <system-out/>
  <testcase classname="practice.SoftAssertSample" name="modifyCustmer" time="0.001"/>
  <system-out/>
</testsuite> <!-- practice.SoftAssertSample -->
